<?xml version="1.0" encoding="UTF-8"?>
<!-- Generated by org.testng.reporters.JUnitReportReporter -->
<testsuite hostname="LAPTOP-5MU2HV3U" failures="0" tests="2" name="pckge.CarLoan" time="0.004" errors="0" timestamp="12 May 2020 01:27:04 GMT" skipped="0">
  <testcase classname="pckge.CarLoan" name="MobileLogin" time="0.003"/>
  <testcase classname="pckge.CarLoan" name="webLogin" time="0.001"/>
</testsuite> <!-- pckge.CarLoan -->
