<?xml version="1.0" encoding="UTF-8"?>
<!-- Generated by org.testng.reporters.JUnitReportReporter -->
<testsuite hostname="LAPTOP-5MU2HV3U" failures="0" tests="1" name="pckge.Test2" time="0.000" errors="0" timestamp="12 May 2020 01:27:04 GMT" skipped="0">
  <testcase classname="pckge.Test2" name="bye" time="0.000"/>
</testsuite> <!-- pckge.Test2 -->
