<?xml version="1.0" encoding="UTF-8"?>
<!-- Generated by org.testng.reporters.JUnitReportReporter -->
<testsuite hostname="LAPTOP-5MU2HV3U" failures="0" tests="1" name="pckge.MulipleParameters" time="0.000" errors="0" timestamp="12 May 2020 18:47:16 GMT" skipped="1">
  <testcase classname="pckge.MulipleParameters" name="bye" time="0.000">
    <skipped/>
  </testcase> <!-- bye -->
</testsuite> <!-- pckge.MulipleParameters -->
